#
# A fatal error has been detected by the Java Runtime Environment:
#
#  EXCEPTION_ACCESS_VIOLATION (0xc0000005) at pc=0x000000005df27a0f, pid=21324, tid=0x0000000000005344
#
# JRE version: Java(TM) SE Runtime Environment (8.0_181-b13) (build 1.8.0_181-b13)
# Java VM: Java HotSpot(TM) 64-Bit Server VM (25.181-b13 mixed mode windows-amd64 compressed oops)
# Problematic frame:
# V  [jvm.dll+0xf7a0f]
#
# Failed to write core dump. Minidumps are not enabled by default on client versions of Windows
#
# If you would like to submit a bug report, please visit:
#   http://bugreport.java.com/bugreport/crash.jsp
#

---------------  T H R E A D  ---------------

Current thread (0x0000000027829800):  VMThread [stack: 0x0000000029510000,0x0000000029610000] [id=21316]

siginfo: ExceptionCode=0xc0000005, reading address 0x00000000273e28e0

Registers:
RAX=0x0000000000194060, RBX=0x0000000000000000, RCX=0x000000002724e870, RDX=0x000000000000ca03
RSP=0x000000002960eae8, RBP=0x000000002960f060, RSI=0x000000002960f1f0, RDI=0x000000002960f1f0
R8 =0x0000000000000000, R9 =0x000000002724e280, R10=0x0000000000000008, R11=0x000000002724e61c
R12=0x00000000276b5650, R13=0x000000002960f020, R14=0x00000000000003d8, R15=0x000000002960f010
RIP=0x000000005df27a0f, EFLAGS=0x0000000000010206

Top of Stack: (sp=0x000000002960eae8)
0x000000002960eae8:   000000005df2f470 000000002960f130
0x000000002960eaf8:   0000000000000000 000000002960f1f0
0x000000002960eb08:   0000000000000000 000000002960f130
0x000000002960eb18:   00000000eb081ffc 000000005e437f18
0x000000002960eb28:   0000000004a23e10 0000000000000003
0x000000002960eb38:   000000000000000c 000000002960eb60
0x000000002960eb48:   0000000000000002 0000000046000041
0x000000002960eb58:   0000000000000001 2fffffff4fffffff
0x000000002960eb68:   0000000004a233f0 000000004fffffff
0x000000002960eb78:   000000000000000a 000000002960eba0
0x000000002960eb88:   0000000000000001 0000000000000000
0x000000002960eb98:   0000000000000000 00009b3e57f8a021
0x000000002960eba8:   0000000000000000 000000002960f1f0
0x000000002960ebb8:   000000005df2f5f6 0000000004800000
0x000000002960ebc8:   0000000000000000 000000002960f1f0
0x000000002960ebd8:   0000000000000002 0000000000000000 

Instructions: (pc=0x000000005df27a0f)
0x000000005df279ef:   74 3e 85 d2 79 13 f7 d2 48 63 c2 48 c1 e0 05 48
0x000000005df279ff:   8b 44 08 10 0f b7 c0 eb 12 48 63 c2 48 c1 e0 05
0x000000005df27a0f:   48 8b 44 08 10 0f b7 d0 48 63 c2 41 0f b7 4c c1
0x000000005df27a1f:   52 48 63 c1 41 0f b7 44 c1 52 49 8b 44 c1 50 c3 


Register to memory mapping:

RAX=0x0000000000194060 is an unknown value
RBX=0x0000000000000000 is an unknown value
RCX=0x000000002724e870 is pointing into metadata
RDX=0x000000000000ca03 is an unknown value
RSP=0x000000002960eae8 is an unknown value
RBP=0x000000002960f060 is an unknown value
RSI=0x000000002960f1f0 is an unknown value
RDI=0x000000002960f1f0 is an unknown value
R8 =0x0000000000000000 is an unknown value
R9 =0x000000002724e280 is pointing into metadata
R10=0x0000000000000008 is an unknown value
R11=0x000000002724e61c is pointing into metadata
R12=0x00000000276b5650 is an unknown value
R13=0x000000002960f020 is an unknown value
R14=0x00000000000003d8 is an unknown value
R15=0x000000002960f010 is an unknown value


Stack: [0x0000000029510000,0x0000000029610000],  sp=0x000000002960eae8,  free space=1018k
Native frames: (J=compiled Java code, j=interpreted, Vv=VM code, C=native code)
V  [jvm.dll+0xf7a0f]

VM_Operation (0x0000000029fff750): GetOrSetLocal, mode: safepoint, requested by thread 0x0000000029745800


---------------  P R O C E S S  ---------------

Java Threads: ( => current thread )
  0x00000000298ce000 JavaThread "Service Thread" daemon [_thread_blocked, id=20012, stack(0x000000002a600000,0x000000002a700000)]
  0x0000000029838800 JavaThread "C1 CompilerThread3" daemon [_thread_blocked, id=18648, stack(0x000000002a500000,0x000000002a600000)]
  0x0000000029835800 JavaThread "C2 CompilerThread2" daemon [_thread_blocked, id=21336, stack(0x000000002a400000,0x000000002a500000)]
  0x0000000029832800 JavaThread "C2 CompilerThread1" daemon [_thread_blocked, id=16280, stack(0x000000002a300000,0x000000002a400000)]
  0x000000002982e000 JavaThread "C2 CompilerThread0" daemon [_thread_blocked, id=22104, stack(0x000000002a200000,0x000000002a300000)]
  0x0000000029752800 JavaThread "JDWP Command Reader" daemon [_thread_in_native, id=7504, stack(0x000000002a100000,0x000000002a200000)]
  0x000000002974f800 JavaThread "JDWP Event Helper Thread" daemon [_thread_blocked, id=3516, stack(0x000000002a000000,0x000000002a100000)]
  0x0000000029745800 JavaThread "JDWP Transport Listener: dt_socket" daemon [_thread_blocked, id=22308, stack(0x0000000029f00000,0x000000002a000000)]
  0x000000002973b000 JavaThread "Attach Listener" daemon [_thread_blocked, id=5344, stack(0x0000000029e00000,0x0000000029f00000)]
  0x000000002973a000 JavaThread "Signal Dispatcher" daemon [_thread_blocked, id=14292, stack(0x0000000029d00000,0x0000000029e00000)]
  0x0000000004aca800 JavaThread "Finalizer" daemon [_thread_blocked, id=9880, stack(0x0000000029b10000,0x0000000029c10000)]
  0x0000000004ac9000 JavaThread "Reference Handler" daemon [_thread_blocked, id=19732, stack(0x0000000029610000,0x0000000029710000)]
  0x00000000049d3800 JavaThread "main" [_thread_blocked, id=13096, stack(0x00000000046c0000,0x00000000047c0000)]

Other Threads:
=>0x0000000027829800 VMThread [stack: 0x0000000029510000,0x0000000029610000] [id=21316]
  0x0000000029904000 WatcherThread [stack: 0x000000002a700000,0x000000002a800000] [id=20232]

VM state:at safepoint (normal execution)

VM Mutex/Monitor currently owned by a thread:  ([mutex/lock_event])
[0x00000000049d09d0] Threads_lock - owner thread: 0x0000000027829800

Heap:
 PSYoungGen      total 151552K, used 7802K [0x0000000717180000, 0x0000000721a80000, 0x00000007c0000000)
  eden space 130048K, 6% used [0x0000000717180000,0x000000071791ebb0,0x000000071f080000)
  from space 21504K, 0% used [0x0000000720580000,0x0000000720580000,0x0000000721a80000)
  to   space 21504K, 0% used [0x000000071f080000,0x000000071f080000,0x0000000720580000)
 ParOldGen       total 347136K, used 0K [0x00000005c5400000, 0x00000005da700000, 0x0000000717180000)
  object space 347136K, 0% used [0x00000005c5400000,0x00000005c5400000,0x00000005da700000)
 Metaspace       used 3164K, capacity 4600K, committed 4864K, reserved 1056768K
  class space    used 343K, capacity 424K, committed 512K, reserved 1048576K

Card table byte_map: [0x0000000013e90000,0x0000000014e70000] byte_map_base: 0x0000000011066000

Marking Bits: (ParMarkBitMap*) 0x000000005e652d00
 Begin Bits: [0x0000000016100000, 0x000000001dfb0000)
 End Bits:   [0x000000001dfb0000, 0x0000000025e60000)

Polling page: 0x0000000004600000

CodeCache: size=245760Kb used=1108Kb max_used=1113Kb free=244651Kb
 bounds [0x0000000004ad0000, 0x0000000004d40000, 0x0000000013ad0000]
 total_blobs=262 nmethods=25 adapters=158
 compilation: enabled

Compilation events (10 events):
Event: 0.345 Thread 0x0000000029838800   11       3       java.util.concurrent.ConcurrentHashMap::setTabAt (19 bytes)
Event: 0.345 Thread 0x0000000029838800 nmethod 11 0x0000000004bdf1d0 code [0x0000000004bdf320, 0x0000000004bdf490]
Event: 0.345 Thread 0x0000000029838800   23       3       java.io.WinNTFileSystem::isSlash (18 bytes)
Event: 0.345 Thread 0x0000000029838800 nmethod 23 0x0000000004be2d50 code [0x0000000004be2ea0, 0x0000000004be3090]
Event: 0.347 Thread 0x0000000029832800 nmethod 18 0x0000000004be5f10 code [0x0000000004be6060, 0x0000000004be6238]
Event: 0.349 Thread 0x000000002982e000 nmethod 22 0x0000000004be4490 code [0x0000000004be45e0, 0x0000000004be4888]
Event: 3.451 Thread 0x0000000029838800   24       3       java.lang.String::<init> (82 bytes)
Event: 3.452 Thread 0x0000000029838800 nmethod 24 0x0000000004be3a50 code [0x0000000004be3c20, 0x0000000004be4158]
Event: 6.189 Thread 0x0000000029838800   25       3       java.util.Arrays::copyOfRange (63 bytes)
Event: 6.190 Thread 0x0000000029838800 nmethod 25 0x0000000004be4bd0 code [0x0000000004be4de0, 0x0000000004be5958]

GC Heap History (0 events):
No events

Deoptimization events (0 events):
No events

Classes redefined (4 events):
Event: 179.332 Thread 0x0000000027829800 redefined class name=main.java.leetcode.Dec23_2018.StringCompression, count=1
Event: 234.257 Thread 0x0000000027829800 redefined class name=main.java.leetcode.Dec23_2018.StringCompression, count=2
Event: 270.643 Thread 0x0000000027829800 redefined class name=main.java.leetcode.Dec23_2018.StringCompression, count=3
Event: 2073.971 Thread 0x0000000027829800 redefined class name=main.java.leetcode.Dec23_2018.StringCompression, count=4

Internal exceptions (2 events):
Event: 0.094 Thread 0x00000000049d3800 Exception <a 'java/lang/NoSuchMethodError': Method sun.misc.Unsafe.defineClass(Ljava/lang/String;[BII)Ljava/lang/Class; name or signature does not match> (0x0000000717187cb0) thrown at [C:\re\workspace\8-2-build-windows-amd64-cygwin\jdk8u181\11358\hotspot
Event: 0.094 Thread 0x00000000049d3800 Exception <a 'java/lang/NoSuchMethodError': Method sun.misc.Unsafe.prefetchRead(Ljava/lang/Object;J)V name or signature does not match> (0x0000000717187f98) thrown at [C:\re\workspace\8-2-build-windows-amd64-cygwin\jdk8u181\11358\hotspot\src\share\vm\prim

Events (10 events):
Event: 2073.972 Executing VM operation: GetOrSetLocal done
Event: 2073.977 Executing VM operation: ChangeBreakpoints
Event: 2073.977 Executing VM operation: ChangeBreakpoints done
Event: 2073.983 Executing VM operation: ChangeBreakpoints
Event: 2073.983 Executing VM operation: ChangeBreakpoints done
Event: 2073.983 Executing VM operation: ChangeBreakpoints
Event: 2073.983 Executing VM operation: ChangeBreakpoints done
Event: 2073.987 Executing VM operation: ChangeBreakpoints
Event: 2073.987 Executing VM operation: ChangeBreakpoints done
Event: 2074.013 Executing VM operation: GetOrSetLocal


Dynamic libraries:
0x00007ff6c83f0000 - 0x00007ff6c8427000 	C:\Program Files\Java\jdk1.8.0_181\bin\java.exe
0x00007ffc813f0000 - 0x00007ffc815d0000 	C:\WINDOWS\SYSTEM32\ntdll.dll
0x00007ffc7ec60000 - 0x00007ffc7ed0e000 	C:\WINDOWS\System32\KERNEL32.DLL
0x00007ffc7d940000 - 0x00007ffc7dba6000 	C:\WINDOWS\System32\KERNELBASE.dll
0x00007ffc7ef10000 - 0x00007ffc7efb1000 	C:\WINDOWS\System32\ADVAPI32.dll
0x00007ffc7fdd0000 - 0x00007ffc7fe6d000 	C:\WINDOWS\System32\msvcrt.dll
0x00007ffc7ed10000 - 0x00007ffc7ed6b000 	C:\WINDOWS\System32\sechost.dll
0x00007ffc7f110000 - 0x00007ffc7f22f000 	C:\WINDOWS\System32\RPCRT4.dll
0x00007ffc7ed80000 - 0x00007ffc7ef0f000 	C:\WINDOWS\System32\USER32.dll
0x00007ffc7d870000 - 0x00007ffc7d890000 	C:\WINDOWS\System32\win32u.dll
0x00007ffc7e8c0000 - 0x00007ffc7e8e8000 	C:\WINDOWS\System32\GDI32.dll
0x00007ffc7dbb0000 - 0x00007ffc7dd43000 	C:\WINDOWS\System32\gdi32full.dll
0x00007ffc7dd50000 - 0x00007ffc7ddeb000 	C:\WINDOWS\System32\msvcp_win.dll
0x00007ffc7e5f0000 - 0x00007ffc7e6e5000 	C:\WINDOWS\System32\ucrtbase.dll
0x00007ffc73c70000 - 0x00007ffc73ed9000 	C:\WINDOWS\WinSxS\amd64_microsoft.windows.common-controls_6595b64144ccf1df_6.0.16299.726_none_15ccdb369361144a\COMCTL32.dll
0x00007ffc7e950000 - 0x00007ffc7ec57000 	C:\WINDOWS\System32\combase.dll
0x00007ffc7d7f0000 - 0x00007ffc7d862000 	C:\WINDOWS\System32\bcryptPrimitives.dll
0x00007ffc7fc20000 - 0x00007ffc7fc4d000 	C:\WINDOWS\System32\IMM32.DLL
0x00007ffc7c400000 - 0x00007ffc7c56b000 	C:\Program Files\Avecto\Privilege Guard Client\PGHook.dll
0x00007ffc7d1a0000 - 0x00007ffc7d1b7000 	C:\WINDOWS\SYSTEM32\CRYPTSP.dll
0x00007ffc7c9b0000 - 0x00007ffc7c9e3000 	C:\WINDOWS\system32\rsaenh.dll
0x00007ffc7d2a0000 - 0x00007ffc7d2c5000 	C:\WINDOWS\SYSTEM32\bcrypt.dll
0x00007ffc7d190000 - 0x00007ffc7d19b000 	C:\WINDOWS\SYSTEM32\CRYPTBASE.dll
0x000000005f250000 - 0x000000005f322000 	C:\Program Files\Java\jdk1.8.0_181\jre\bin\msvcr100.dll
0x000000005de30000 - 0x000000005e6d2000 	C:\Program Files\Java\jdk1.8.0_181\jre\bin\server\jvm.dll
0x00007ffc7ed70000 - 0x00007ffc7ed78000 	C:\WINDOWS\System32\PSAPI.DLL
0x00007ffc723b0000 - 0x00007ffc723b9000 	C:\WINDOWS\SYSTEM32\WSOCK32.dll
0x00007ffc730b0000 - 0x00007ffc730d3000 	C:\WINDOWS\SYSTEM32\WINMM.dll
0x00007ffc7c7a0000 - 0x00007ffc7c7aa000 	C:\WINDOWS\SYSTEM32\VERSION.dll
0x00007ffc7f760000 - 0x00007ffc7f7cc000 	C:\WINDOWS\System32\WS2_32.dll
0x00007ffc73080000 - 0x00007ffc730aa000 	C:\WINDOWS\SYSTEM32\winmmbase.dll
0x00007ffc7e5a0000 - 0x00007ffc7e5ea000 	C:\WINDOWS\System32\cfgmgr32.dll
0x000000005f240000 - 0x000000005f24f000 	C:\Program Files\Java\jdk1.8.0_181\jre\bin\verify.dll
0x000000005f210000 - 0x000000005f239000 	C:\Program Files\Java\jdk1.8.0_181\jre\bin\java.dll
0x000000005f1b0000 - 0x000000005f1e5000 	C:\Program Files\Java\jdk1.8.0_181\jre\bin\jdwp.dll
0x000000005f1a0000 - 0x000000005f1a8000 	C:\Program Files\Java\jdk1.8.0_181\jre\bin\npt.dll
0x000000005de00000 - 0x000000005de23000 	C:\Program Files\Java\jdk1.8.0_181\jre\bin\instrument.dll
0x000000005f1f0000 - 0x000000005f206000 	C:\Program Files\Java\jdk1.8.0_181\jre\bin\zip.dll
0x00007ffc7ff80000 - 0x00007ffc813b8000 	C:\WINDOWS\System32\SHELL32.dll
0x00007ffc7f6b0000 - 0x00007ffc7f756000 	C:\WINDOWS\System32\shcore.dll
0x00007ffc7ddf0000 - 0x00007ffc7e537000 	C:\WINDOWS\System32\windows.storage.dll
0x00007ffc7fbc0000 - 0x00007ffc7fc11000 	C:\WINDOWS\System32\shlwapi.dll
0x00007ffc7d7d0000 - 0x00007ffc7d7e1000 	C:\WINDOWS\System32\kernel.appcore.dll
0x00007ffc7d740000 - 0x00007ffc7d78c000 	C:\WINDOWS\System32\powrprof.dll
0x00007ffc7d790000 - 0x00007ffc7d7ab000 	C:\WINDOWS\System32\profapi.dll
0x000000005f190000 - 0x000000005f199000 	C:\Program Files\Java\jdk1.8.0_181\jre\bin\dt_socket.dll
0x00007ffc7cfd0000 - 0x00007ffc7d036000 	C:\WINDOWS\system32\mswsock.dll
0x00007ffc765e0000 - 0x00007ffc767a8000 	C:\WINDOWS\SYSTEM32\dbghelp.dll

VM Arguments:
jvm_args: -agentlib:jdwp=transport=dt_socket,address=127.0.0.1:53875,suspend=y,server=n -javaagent:C:\Users\bztlgx\.IntelliJIdea2018.2\system\captureAgent\debugger-agent.jar=file:/C:/Users/bztlgx/AppData/Local/Temp/capture.props -Dfile.encoding=UTF-8 
java_command: main.java.leetcode.Dec23_2018.StringCompression
java_class_path (initial): C:\Program Files\Java\jdk1.8.0_181\jre\lib\charsets.jar;C:\Program Files\Java\jdk1.8.0_181\jre\lib\deploy.jar;C:\Program Files\Java\jdk1.8.0_181\jre\lib\ext\access-bridge-64.jar;C:\Program Files\Java\jdk1.8.0_181\jre\lib\ext\cldrdata.jar;C:\Program Files\Java\jdk1.8.0_181\jre\lib\ext\dnsns.jar;C:\Program Files\Java\jdk1.8.0_181\jre\lib\ext\jaccess.jar;C:\Program Files\Java\jdk1.8.0_181\jre\lib\ext\jfxrt.jar;C:\Program Files\Java\jdk1.8.0_181\jre\lib\ext\localedata.jar;C:\Program Files\Java\jdk1.8.0_181\jre\lib\ext\nashorn.jar;C:\Program Files\Java\jdk1.8.0_181\jre\lib\ext\sunec.jar;C:\Program Files\Java\jdk1.8.0_181\jre\lib\ext\sunjce_provider.jar;C:\Program Files\Java\jdk1.8.0_181\jre\lib\ext\sunmscapi.jar;C:\Program Files\Java\jdk1.8.0_181\jre\lib\ext\sunpkcs11.jar;C:\Program Files\Java\jdk1.8.0_181\jre\lib\ext\zipfs.jar;C:\Program Files\Java\jdk1.8.0_181\jre\lib\javaws.jar;C:\Program Files\Java\jdk1.8.0_181\jre\lib\jce.jar;C:\Program Files\Java\jdk1.8.0_181\jre\lib\jfr.jar;C:\Program Files\Java\jdk1.8.0_181\jre\lib\jfxswt.jar;C:\Program Files\Java\jdk1.8.0_181\jre\lib\jsse.jar;C:\Program Files\Java\jdk1.8.0_181\jre\lib\management-agent.jar;C:\Program Files\Java\jdk1.8.0_181\jre\lib\plugin.jar;C:\Program Files\Java\jdk1.8.0_181\jre\lib\resources.jar;C:\Program Files\Java\jdk1.8.0_181\jre\lib\rt.jar;D:\MZTests\out\production\MZTests;C:\Program Files\JetBrains\IntelliJ IDEA 2018.2.4\lib\junit-4.12.jar;C:\Program Files\JetBrains\IntelliJ IDEA 2018.2.4\lib\hamcrest-core-1.3.jar;C:\Program Files\JetBrains\IntelliJ IDEA 2018.2.4\lib\idea_rt.jar;C:\Users\bztlgx\.IntelliJIdea2018.2\system\captureAgent\debugger-agent.jar
Launcher Type: SUN_STANDARD

Environment Variables:
PATH=C:\Program Files (x86)\Common Files\Oracle\Java\javapath;C:\Program Files\Common Files\Microsoft Shared\Microsoft Online Services;C:\Program Files (x86)\Common Files\Microsoft Shared\Microsoft Online Services;C:\Program Files (x86)\Intel\iCLS Client\;C:\Program Files\Intel\iCLS Client\;C:\WINDOWS\system32;C:\WINDOWS;C:\WINDOWS\System32\Wbem;C:\WINDOWS\System32\WindowsPowerShell\v1.0\;C:\Program Files (x86)\Windows Kits\10\Windows Performance Toolkit\;C:\Program Files\1E\NomadBranch\;C:\Program Files (x86)\Intel\Intel(R) Management Engine Components\DAL;C:\Program Files\Intel\Intel(R) Management Engine Components\DAL;C:\Program Files (x86)\Intel\Intel(R) Management Engine Components\IPT;C:\Program Files\Intel\Intel(R) Management Engine Components\IPT;C:\Program Files\Git\cmd;C:\Users\bztlgx\Downloads\apache-maven-3.5.4-bin\apache-maven-3.5.4\bin;C:\Program Files\Cloud Foundry;C:\Program Files\TortoiseSVN\bin;C:\Program Files\nodejs\;C:\Users\bztlgx\AppData\Local\Microsoft\WindowsApps;C:\Users\bztlgx\AppData\Local\Programs\Microsoft VS Code\bin;C:\Users\bztlgx\AppData\Roaming\npm
USERNAME=BZTLGX
OS=Windows_NT
PROCESSOR_IDENTIFIER=Intel64 Family 6 Model 60 Stepping 3, GenuineIntel



---------------  S Y S T E M  ---------------

OS: Windows 10.0 , 64 bit Build 16299 (10.0.16299.431)

CPU:total 8 (initial active 8) (4 cores per cpu, 2 threads per core) family 6 model 60 stepping 3, cmov, cx8, fxsr, mmx, sse, sse2, sse3, ssse3, sse4.1, sse4.2, popcnt, avx, avx2, aes, clmul, erms, lzcnt, ht, tsc, tscinvbit, bmi1, bmi2

Memory: 4k page, physical 33203292k(24420040k free), swap 38184028k(20745672k free)

vm_info: Java HotSpot(TM) 64-Bit Server VM (25.181-b13) for windows-amd64 JRE (1.8.0_181-b13), built on Jul  7 2018 04:01:33 by "java_re" with MS VC++ 10.0 (VS2010)

time: Mon Dec 24 12:40:04 2018
elapsed time: 2074 seconds (0d 0h 34m 34s)

